Started GET "/" for ::1 at 2017-04-11 13:47:23 +1000
  
ActiveRecord::PendingMigrationError (

Migrations are pending. To resolve this issue, run:

        bin/rails db:migrate RAILS_ENV=development

):
  
activerecord (5.0.2) lib/active_record/migration.rb:573:in `check_pending!'
activerecord (5.0.2) lib/active_record/migration.rb:549:in `call'
actionpack (5.0.2) lib/action_dispatch/middleware/callbacks.rb:38:in `block in call'
activesupport (5.0.2) lib/active_support/callbacks.rb:97:in `__run_callbacks__'
activesupport (5.0.2) lib/active_support/callbacks.rb:750:in `_run_call_callbacks'
activesupport (5.0.2) lib/active_support/callbacks.rb:90:in `run_callbacks'
actionpack (5.0.2) lib/action_dispatch/middleware/callbacks.rb:36:in `call'
actionpack (5.0.2) lib/action_dispatch/middleware/executor.rb:12:in `call'
actionpack (5.0.2) lib/action_dispatch/middleware/remote_ip.rb:79:in `call'
actionpack (5.0.2) lib/action_dispatch/middleware/debug_exceptions.rb:49:in `call'
web-console (3.5.0) lib/web_console/middleware.rb:135:in `call_app'
web-console (3.5.0) lib/web_console/middleware.rb:28:in `block in call'
web-console (3.5.0) lib/web_console/middleware.rb:18:in `catch'
web-console (3.5.0) lib/web_console/middleware.rb:18:in `call'
actionpack (5.0.2) lib/action_dispatch/middleware/show_exceptions.rb:31:in `call'
railties (5.0.2) lib/rails/rack/logger.rb:36:in `call_app'
railties (5.0.2) lib/rails/rack/logger.rb:24:in `block in call'
activesupport (5.0.2) lib/active_support/tagged_logging.rb:69:in `block in tagged'
activesupport (5.0.2) lib/active_support/tagged_logging.rb:26:in `tagged'
activesupport (5.0.2) lib/active_support/tagged_logging.rb:69:in `tagged'
railties (5.0.2) lib/rails/rack/logger.rb:24:in `call'
sprockets-rails (3.2.0) lib/sprockets/rails/quiet_assets.rb:13:in `call'
actionpack (5.0.2) lib/action_dispatch/middleware/request_id.rb:24:in `call'
rack (2.0.1) lib/rack/method_override.rb:22:in `call'
rack (2.0.1) lib/rack/runtime.rb:22:in `call'
activesupport (5.0.2) lib/active_support/cache/strategy/local_cache_middleware.rb:28:in `call'
actionpack (5.0.2) lib/action_dispatch/middleware/executor.rb:12:in `call'
actionpack (5.0.2) lib/action_dispatch/middleware/static.rb:136:in `call'
rack (2.0.1) lib/rack/sendfile.rb:111:in `call'
railties (5.0.2) lib/rails/engine.rb:522:in `call'
puma (3.8.2) lib/puma/configuration.rb:224:in `call'
puma (3.8.2) lib/puma/server.rb:600:in `handle_request'
puma (3.8.2) lib/puma/server.rb:435:in `process_client'
puma (3.8.2) lib/puma/server.rb:299:in `block in run'
puma (3.8.2) lib/puma/thread_pool.rb:120:in `block in spawn_thread'
  Rendering /Users/danishsaleem/.rvm/gems/ruby-2.4.0@global/gems/actionpack-5.0.2/lib/action_dispatch/middleware/templates/rescues/diagnostics.html.erb within rescues/layout
  Rendering /Users/danishsaleem/.rvm/gems/ruby-2.4.0@global/gems/actionpack-5.0.2/lib/action_dispatch/middleware/templates/rescues/_source.html.erb
  Rendered /Users/danishsaleem/.rvm/gems/ruby-2.4.0@global/gems/actionpack-5.0.2/lib/action_dispatch/middleware/templates/rescues/_source.html.erb (2.6ms)
  Rendering /Users/danishsaleem/.rvm/gems/ruby-2.4.0@global/gems/actionpack-5.0.2/lib/action_dispatch/middleware/templates/rescues/_trace.html.erb
  Rendered /Users/danishsaleem/.rvm/gems/ruby-2.4.0@global/gems/actionpack-5.0.2/lib/action_dispatch/middleware/templates/rescues/_trace.html.erb (1.4ms)
  Rendering /Users/danishsaleem/.rvm/gems/ruby-2.4.0@global/gems/actionpack-5.0.2/lib/action_dispatch/middleware/templates/rescues/_request_and_response.html.erb
  Rendered /Users/danishsaleem/.rvm/gems/ruby-2.4.0@global/gems/actionpack-5.0.2/lib/action_dispatch/middleware/templates/rescues/_request_and_response.html.erb (1.0ms)
  Rendered /Users/danishsaleem/.rvm/gems/ruby-2.4.0@global/gems/actionpack-5.0.2/lib/action_dispatch/middleware/templates/rescues/diagnostics.html.erb within rescues/layout (99.2ms)
  [1m[35m (2.2ms)[0m  [1m[35mCREATE TABLE "schema_migrations" ("version" varchar NOT NULL PRIMARY KEY)[0m
  [1m[35m (2.0ms)[0m  [1m[35mCREATE TABLE "ar_internal_metadata" ("key" varchar NOT NULL PRIMARY KEY, "value" varchar, "created_at" datetime NOT NULL, "updated_at" datetime NOT NULL)[0m
  [1m[36mActiveRecord::SchemaMigration Load (0.3ms)[0m  [1m[34mSELECT "schema_migrations".* FROM "schema_migrations"[0m
Migrating to CreateTickets (20170411034648)
  [1m[35m (0.9ms)[0m  [1m[36mbegin transaction[0m
  [1m[35m (0.9ms)[0m  [1m[35mCREATE TABLE "tickets" ("id" INTEGER PRIMARY KEY AUTOINCREMENT NOT NULL, "Tasks" varchar, "Description" varchar, "Priority" varchar, "Starttime" varchar, "Finishtime" varchar, "created_at" datetime NOT NULL, "updated_at" datetime NOT NULL)[0m
  [1m[35mSQL (0.2ms)[0m  [1m[32mINSERT INTO "schema_migrations" ("version") VALUES (?)[0m  [["version", "20170411034648"]]
  [1m[35m (1.7ms)[0m  [1m[36mcommit transaction[0m
  [1m[36mActiveRecord::InternalMetadata Load (0.2ms)[0m  [1m[34mSELECT  "ar_internal_metadata".* FROM "ar_internal_metadata" WHERE "ar_internal_metadata"."key" = ? LIMIT ?[0m  [["key", :environment], ["LIMIT", 1]]
  [1m[35m (0.1ms)[0m  [1m[36mbegin transaction[0m
  [1m[35mSQL (0.3ms)[0m  [1m[32mINSERT INTO "ar_internal_metadata" ("key", "value", "created_at", "updated_at") VALUES (?, ?, ?, ?)[0m  [["key", "environment"], ["value", "development"], ["created_at", 2017-04-11 03:48:39 UTC], ["updated_at", 2017-04-11 03:48:39 UTC]]
  [1m[35m (1.6ms)[0m  [1m[36mcommit transaction[0m
  [1m[36mActiveRecord::SchemaMigration Load (0.2ms)[0m  [1m[34mSELECT "schema_migrations".* FROM "schema_migrations"[0m
Started GET "/" for ::1 at 2017-04-11 13:48:58 +1000
  [1m[36mActiveRecord::SchemaMigration Load (0.2ms)[0m  [1m[34mSELECT "schema_migrations".* FROM "schema_migrations"[0m
Processing by Rails::WelcomeController#index as HTML
  Parameters: {"internal"=>true}
  Rendering /Users/danishsaleem/.rvm/gems/ruby-2.4.0@global/gems/railties-5.0.2/lib/rails/templates/rails/welcome/index.html.erb
  Rendered /Users/danishsaleem/.rvm/gems/ruby-2.4.0@global/gems/railties-5.0.2/lib/rails/templates/rails/welcome/index.html.erb (3.9ms)
Completed 200 OK in 36ms (Views: 10.3ms | ActiveRecord: 0.0ms)


Started GET "/Ticket" for ::1 at 2017-04-11 13:49:07 +1000
  
ActionController::RoutingError (No route matches [GET] "/Ticket"):
  
actionpack (5.0.2) lib/action_dispatch/middleware/debug_exceptions.rb:53:in `call'
web-console (3.5.0) lib/web_console/middleware.rb:135:in `call_app'
web-console (3.5.0) lib/web_console/middleware.rb:28:in `block in call'
web-console (3.5.0) lib/web_console/middleware.rb:18:in `catch'
web-console (3.5.0) lib/web_console/middleware.rb:18:in `call'
actionpack (5.0.2) lib/action_dispatch/middleware/show_exceptions.rb:31:in `call'
railties (5.0.2) lib/rails/rack/logger.rb:36:in `call_app'
railties (5.0.2) lib/rails/rack/logger.rb:24:in `block in call'
activesupport (5.0.2) lib/active_support/tagged_logging.rb:69:in `block in tagged'
activesupport (5.0.2) lib/active_support/tagged_logging.rb:26:in `tagged'
activesupport (5.0.2) lib/active_support/tagged_logging.rb:69:in `tagged'
railties (5.0.2) lib/rails/rack/logger.rb:24:in `call'
sprockets-rails (3.2.0) lib/sprockets/rails/quiet_assets.rb:13:in `call'
actionpack (5.0.2) lib/action_dispatch/middleware/request_id.rb:24:in `call'
rack (2.0.1) lib/rack/method_override.rb:22:in `call'
rack (2.0.1) lib/rack/runtime.rb:22:in `call'
activesupport (5.0.2) lib/active_support/cache/strategy/local_cache_middleware.rb:28:in `call'
actionpack (5.0.2) lib/action_dispatch/middleware/executor.rb:12:in `call'
actionpack (5.0.2) lib/action_dispatch/middleware/static.rb:136:in `call'
rack (2.0.1) lib/rack/sendfile.rb:111:in `call'
railties (5.0.2) lib/rails/engine.rb:522:in `call'
puma (3.8.2) lib/puma/configuration.rb:224:in `call'
puma (3.8.2) lib/puma/server.rb:600:in `handle_request'
puma (3.8.2) lib/puma/server.rb:435:in `process_client'
puma (3.8.2) lib/puma/server.rb:299:in `block in run'
puma (3.8.2) lib/puma/thread_pool.rb:120:in `block in spawn_thread'
  Rendering /Users/danishsaleem/.rvm/gems/ruby-2.4.0@global/gems/actionpack-5.0.2/lib/action_dispatch/middleware/templates/rescues/routing_error.html.erb within rescues/layout
  Rendering /Users/danishsaleem/.rvm/gems/ruby-2.4.0@global/gems/actionpack-5.0.2/lib/action_dispatch/middleware/templates/rescues/_trace.html.erb
  Rendered /Users/danishsaleem/.rvm/gems/ruby-2.4.0@global/gems/actionpack-5.0.2/lib/action_dispatch/middleware/templates/rescues/_trace.html.erb (1.3ms)
  Rendered collection of /Users/danishsaleem/.rvm/gems/ruby-2.4.0@global/gems/actionpack-5.0.2/lib/action_dispatch/middleware/templates/routes/_route.html.erb [8 times] (10.9ms)
  Rendered /Users/danishsaleem/.rvm/gems/ruby-2.4.0@global/gems/actionpack-5.0.2/lib/action_dispatch/middleware/templates/routes/_table.html.erb (19.1ms)
  Rendering /Users/danishsaleem/.rvm/gems/ruby-2.4.0@global/gems/actionpack-5.0.2/lib/action_dispatch/middleware/templates/rescues/_request_and_response.html.erb
  Rendered /Users/danishsaleem/.rvm/gems/ruby-2.4.0@global/gems/actionpack-5.0.2/lib/action_dispatch/middleware/templates/rescues/_request_and_response.html.erb (1.0ms)
  Rendered /Users/danishsaleem/.rvm/gems/ruby-2.4.0@global/gems/actionpack-5.0.2/lib/action_dispatch/middleware/templates/rescues/routing_error.html.erb within rescues/layout (150.9ms)
Started GET "/tickets" for ::1 at 2017-04-11 13:49:46 +1000
Processing by TicketsController#index as HTML
  Rendering tickets/index.html.erb within layouts/application
  [1m[36mTicket Load (0.3ms)[0m  [1m[34mSELECT "tickets".* FROM "tickets"[0m
  Rendered tickets/index.html.erb within layouts/application (2.7ms)
Completed 200 OK in 620ms (Views: 611.2ms | ActiveRecord: 0.5ms)


Started GET "/tickets/new" for ::1 at 2017-04-11 13:49:54 +1000
Processing by TicketsController#new as HTML
  Rendering tickets/new.html.erb within layouts/application
  Rendered tickets/_form.html.erb (35.4ms)
  Rendered tickets/new.html.erb within layouts/application (38.3ms)
Completed 200 OK in 83ms (Views: 56.4ms | ActiveRecord: 1.8ms)


Started POST "/tickets" for ::1 at 2017-04-11 13:50:32 +1000
Processing by TicketsController#create as HTML
  Parameters: {"utf8"=>"✓", "authenticity_token"=>"URCXyuw+1SEk1E+a32jff2UfxUWeZF4MvK509KytKGxdXv+C8cCnBYy/wcG1zhqd+a/oU6mcknQVP50lDsEvhA==", "ticket"=>{"Tasks"=>"Solve PC issue", "Description"=>"John has PC issue", "Priority"=>"high", "Starttime"=>"1:00 PM", "Finishtime"=>"2:00 PM"}, "commit"=>"Create Ticket"}
  [1m[35m (0.1ms)[0m  [1m[36mbegin transaction[0m
  [1m[35mSQL (0.5ms)[0m  [1m[32mINSERT INTO "tickets" ("Tasks", "Description", "Priority", "Starttime", "Finishtime", "created_at", "updated_at") VALUES (?, ?, ?, ?, ?, ?, ?)[0m  [["Tasks", "Solve PC issue"], ["Description", "John has PC issue"], ["Priority", "high"], ["Starttime", "1:00 PM"], ["Finishtime", "2:00 PM"], ["created_at", 2017-04-11 03:50:32 UTC], ["updated_at", 2017-04-11 03:50:32 UTC]]
  [1m[35m (1.7ms)[0m  [1m[36mcommit transaction[0m
Redirected to http://localhost:3000/tickets/1
Completed 302 Found in 10ms (ActiveRecord: 2.4ms)


Started GET "/tickets/1" for ::1 at 2017-04-11 13:50:32 +1000
Processing by TicketsController#show as HTML
  Parameters: {"id"=>"1"}
  [1m[36mTicket Load (0.2ms)[0m  [1m[34mSELECT  "tickets".* FROM "tickets" WHERE "tickets"."id" = ? LIMIT ?[0m  [["id", 1], ["LIMIT", 1]]
  Rendering tickets/show.html.erb within layouts/application
  Rendered tickets/show.html.erb within layouts/application (1.1ms)
Completed 200 OK in 29ms (Views: 21.1ms | ActiveRecord: 0.2ms)


Started GET "/tickets" for ::1 at 2017-04-11 13:50:43 +1000
Processing by TicketsController#index as HTML
  Rendering tickets/index.html.erb within layouts/application
  [1m[36mTicket Load (0.3ms)[0m  [1m[34mSELECT "tickets".* FROM "tickets"[0m
  Rendered tickets/index.html.erb within layouts/application (4.8ms)
Completed 200 OK in 36ms (Views: 31.8ms | ActiveRecord: 0.3ms)


Started GET "/menu/" for ::1 at 2017-04-11 14:06:20 +1000
  [1m[36mActiveRecord::SchemaMigration Load (0.2ms)[0m  [1m[34mSELECT "schema_migrations".* FROM "schema_migrations"[0m
  
ActionController::RoutingError (No route matches [GET] "/menu"):
  
actionpack (5.0.2) lib/action_dispatch/middleware/debug_exceptions.rb:53:in `call'
web-console (3.5.0) lib/web_console/middleware.rb:135:in `call_app'
web-console (3.5.0) lib/web_console/middleware.rb:28:in `block in call'
web-console (3.5.0) lib/web_console/middleware.rb:18:in `catch'
web-console (3.5.0) lib/web_console/middleware.rb:18:in `call'
actionpack (5.0.2) lib/action_dispatch/middleware/show_exceptions.rb:31:in `call'
railties (5.0.2) lib/rails/rack/logger.rb:36:in `call_app'
railties (5.0.2) lib/rails/rack/logger.rb:24:in `block in call'
activesupport (5.0.2) lib/active_support/tagged_logging.rb:69:in `block in tagged'
activesupport (5.0.2) lib/active_support/tagged_logging.rb:26:in `tagged'
activesupport (5.0.2) lib/active_support/tagged_logging.rb:69:in `tagged'
railties (5.0.2) lib/rails/rack/logger.rb:24:in `call'
sprockets-rails (3.2.0) lib/sprockets/rails/quiet_assets.rb:13:in `call'
actionpack (5.0.2) lib/action_dispatch/middleware/request_id.rb:24:in `call'
rack (2.0.1) lib/rack/method_override.rb:22:in `call'
rack (2.0.1) lib/rack/runtime.rb:22:in `call'
activesupport (5.0.2) lib/active_support/cache/strategy/local_cache_middleware.rb:28:in `call'
actionpack (5.0.2) lib/action_dispatch/middleware/executor.rb:12:in `call'
actionpack (5.0.2) lib/action_dispatch/middleware/static.rb:136:in `call'
rack (2.0.1) lib/rack/sendfile.rb:111:in `call'
railties (5.0.2) lib/rails/engine.rb:522:in `call'
puma (3.8.2) lib/puma/configuration.rb:224:in `call'
puma (3.8.2) lib/puma/server.rb:600:in `handle_request'
puma (3.8.2) lib/puma/server.rb:435:in `process_client'
puma (3.8.2) lib/puma/server.rb:299:in `block in run'
puma (3.8.2) lib/puma/thread_pool.rb:120:in `block in spawn_thread'
  Rendering /Users/danishsaleem/.rvm/gems/ruby-2.4.0@global/gems/actionpack-5.0.2/lib/action_dispatch/middleware/templates/rescues/routing_error.html.erb within rescues/layout
  Rendering /Users/danishsaleem/.rvm/gems/ruby-2.4.0@global/gems/actionpack-5.0.2/lib/action_dispatch/middleware/templates/rescues/_trace.html.erb
  Rendered /Users/danishsaleem/.rvm/gems/ruby-2.4.0@global/gems/actionpack-5.0.2/lib/action_dispatch/middleware/templates/rescues/_trace.html.erb (1.3ms)
  Rendered collection of /Users/danishsaleem/.rvm/gems/ruby-2.4.0@global/gems/actionpack-5.0.2/lib/action_dispatch/middleware/templates/routes/_route.html.erb [8 times] (3.2ms)
  Rendered /Users/danishsaleem/.rvm/gems/ruby-2.4.0@global/gems/actionpack-5.0.2/lib/action_dispatch/middleware/templates/routes/_table.html.erb (5.8ms)
  Rendering /Users/danishsaleem/.rvm/gems/ruby-2.4.0@global/gems/actionpack-5.0.2/lib/action_dispatch/middleware/templates/rescues/_request_and_response.html.erb
  Rendered /Users/danishsaleem/.rvm/gems/ruby-2.4.0@global/gems/actionpack-5.0.2/lib/action_dispatch/middleware/templates/rescues/_request_and_response.html.erb (16.4ms)
  Rendered /Users/danishsaleem/.rvm/gems/ruby-2.4.0@global/gems/actionpack-5.0.2/lib/action_dispatch/middleware/templates/rescues/routing_error.html.erb within rescues/layout (139.3ms)
Started GET "/tickets" for ::1 at 2017-04-11 14:06:28 +1000
Processing by TicketsController#index as HTML
  Rendering tickets/index.html.erb within layouts/application
  [1m[36mTicket Load (0.3ms)[0m  [1m[34mSELECT "tickets".* FROM "tickets"[0m
  Rendered tickets/index.html.erb within layouts/application (8.6ms)
Completed 200 OK in 398ms (Views: 387.0ms | ActiveRecord: 1.0ms)


Started GET "/Dashboard" for ::1 at 2017-04-11 14:06:53 +1000
  
ActionController::RoutingError (No route matches [GET] "/Dashboard"):
  
actionpack (5.0.2) lib/action_dispatch/middleware/debug_exceptions.rb:53:in `call'
web-console (3.5.0) lib/web_console/middleware.rb:135:in `call_app'
web-console (3.5.0) lib/web_console/middleware.rb:28:in `block in call'
web-console (3.5.0) lib/web_console/middleware.rb:18:in `catch'
web-console (3.5.0) lib/web_console/middleware.rb:18:in `call'
actionpack (5.0.2) lib/action_dispatch/middleware/show_exceptions.rb:31:in `call'
railties (5.0.2) lib/rails/rack/logger.rb:36:in `call_app'
railties (5.0.2) lib/rails/rack/logger.rb:24:in `block in call'
activesupport (5.0.2) lib/active_support/tagged_logging.rb:69:in `block in tagged'
activesupport (5.0.2) lib/active_support/tagged_logging.rb:26:in `tagged'
activesupport (5.0.2) lib/active_support/tagged_logging.rb:69:in `tagged'
railties (5.0.2) lib/rails/rack/logger.rb:24:in `call'
sprockets-rails (3.2.0) lib/sprockets/rails/quiet_assets.rb:13:in `call'
actionpack (5.0.2) lib/action_dispatch/middleware/request_id.rb:24:in `call'
rack (2.0.1) lib/rack/method_override.rb:22:in `call'
rack (2.0.1) lib/rack/runtime.rb:22:in `call'
activesupport (5.0.2) lib/active_support/cache/strategy/local_cache_middleware.rb:28:in `call'
actionpack (5.0.2) lib/action_dispatch/middleware/executor.rb:12:in `call'
actionpack (5.0.2) lib/action_dispatch/middleware/static.rb:136:in `call'
rack (2.0.1) lib/rack/sendfile.rb:111:in `call'
railties (5.0.2) lib/rails/engine.rb:522:in `call'
puma (3.8.2) lib/puma/configuration.rb:224:in `call'
puma (3.8.2) lib/puma/server.rb:600:in `handle_request'
puma (3.8.2) lib/puma/server.rb:435:in `process_client'
puma (3.8.2) lib/puma/server.rb:299:in `block in run'
puma (3.8.2) lib/puma/thread_pool.rb:120:in `block in spawn_thread'
  Rendering /Users/danishsaleem/.rvm/gems/ruby-2.4.0@global/gems/actionpack-5.0.2/lib/action_dispatch/middleware/templates/rescues/routing_error.html.erb within rescues/layout
  Rendering /Users/danishsaleem/.rvm/gems/ruby-2.4.0@global/gems/actionpack-5.0.2/lib/action_dispatch/middleware/templates/rescues/_trace.html.erb
  Rendered /Users/danishsaleem/.rvm/gems/ruby-2.4.0@global/gems/actionpack-5.0.2/lib/action_dispatch/middleware/templates/rescues/_trace.html.erb (3.0ms)
  Rendered collection of /Users/danishsaleem/.rvm/gems/ruby-2.4.0@global/gems/actionpack-5.0.2/lib/action_dispatch/middleware/templates/routes/_route.html.erb [8 times] (5.6ms)
  Rendered /Users/danishsaleem/.rvm/gems/ruby-2.4.0@global/gems/actionpack-5.0.2/lib/action_dispatch/middleware/templates/routes/_table.html.erb (2.0ms)
  Rendering /Users/danishsaleem/.rvm/gems/ruby-2.4.0@global/gems/actionpack-5.0.2/lib/action_dispatch/middleware/templates/rescues/_request_and_response.html.erb
  Rendered /Users/danishsaleem/.rvm/gems/ruby-2.4.0@global/gems/actionpack-5.0.2/lib/action_dispatch/middleware/templates/rescues/_request_and_response.html.erb (2.1ms)
  Rendered /Users/danishsaleem/.rvm/gems/ruby-2.4.0@global/gems/actionpack-5.0.2/lib/action_dispatch/middleware/templates/rescues/routing_error.html.erb within rescues/layout (120.8ms)
Started GET "/dashboard" for ::1 at 2017-04-11 14:07:07 +1000
  
ActionController::RoutingError (No route matches [GET] "/dashboard"):
  
actionpack (5.0.2) lib/action_dispatch/middleware/debug_exceptions.rb:53:in `call'
web-console (3.5.0) lib/web_console/middleware.rb:135:in `call_app'
web-console (3.5.0) lib/web_console/middleware.rb:28:in `block in call'
web-console (3.5.0) lib/web_console/middleware.rb:18:in `catch'
web-console (3.5.0) lib/web_console/middleware.rb:18:in `call'
actionpack (5.0.2) lib/action_dispatch/middleware/show_exceptions.rb:31:in `call'
railties (5.0.2) lib/rails/rack/logger.rb:36:in `call_app'
railties (5.0.2) lib/rails/rack/logger.rb:24:in `block in call'
activesupport (5.0.2) lib/active_support/tagged_logging.rb:69:in `block in tagged'
activesupport (5.0.2) lib/active_support/tagged_logging.rb:26:in `tagged'
activesupport (5.0.2) lib/active_support/tagged_logging.rb:69:in `tagged'
railties (5.0.2) lib/rails/rack/logger.rb:24:in `call'
sprockets-rails (3.2.0) lib/sprockets/rails/quiet_assets.rb:13:in `call'
actionpack (5.0.2) lib/action_dispatch/middleware/request_id.rb:24:in `call'
rack (2.0.1) lib/rack/method_override.rb:22:in `call'
rack (2.0.1) lib/rack/runtime.rb:22:in `call'
activesupport (5.0.2) lib/active_support/cache/strategy/local_cache_middleware.rb:28:in `call'
actionpack (5.0.2) lib/action_dispatch/middleware/executor.rb:12:in `call'
actionpack (5.0.2) lib/action_dispatch/middleware/static.rb:136:in `call'
rack (2.0.1) lib/rack/sendfile.rb:111:in `call'
railties (5.0.2) lib/rails/engine.rb:522:in `call'
puma (3.8.2) lib/puma/configuration.rb:224:in `call'
puma (3.8.2) lib/puma/server.rb:600:in `handle_request'
puma (3.8.2) lib/puma/server.rb:435:in `process_client'
puma (3.8.2) lib/puma/server.rb:299:in `block in run'
puma (3.8.2) lib/puma/thread_pool.rb:120:in `block in spawn_thread'
  Rendering /Users/danishsaleem/.rvm/gems/ruby-2.4.0@global/gems/actionpack-5.0.2/lib/action_dispatch/middleware/templates/rescues/routing_error.html.erb within rescues/layout
  Rendering /Users/danishsaleem/.rvm/gems/ruby-2.4.0@global/gems/actionpack-5.0.2/lib/action_dispatch/middleware/templates/rescues/_trace.html.erb
  Rendered /Users/danishsaleem/.rvm/gems/ruby-2.4.0@global/gems/actionpack-5.0.2/lib/action_dispatch/middleware/templates/rescues/_trace.html.erb (2.6ms)
  Rendered collection of /Users/danishsaleem/.rvm/gems/ruby-2.4.0@global/gems/actionpack-5.0.2/lib/action_dispatch/middleware/templates/routes/_route.html.erb [8 times] (4.8ms)
  Rendered /Users/danishsaleem/.rvm/gems/ruby-2.4.0@global/gems/actionpack-5.0.2/lib/action_dispatch/middleware/templates/routes/_table.html.erb (2.1ms)
  Rendering /Users/danishsaleem/.rvm/gems/ruby-2.4.0@global/gems/actionpack-5.0.2/lib/action_dispatch/middleware/templates/rescues/_request_and_response.html.erb
  Rendered /Users/danishsaleem/.rvm/gems/ruby-2.4.0@global/gems/actionpack-5.0.2/lib/action_dispatch/middleware/templates/rescues/_request_and_response.html.erb (1.6ms)
  Rendered /Users/danishsaleem/.rvm/gems/ruby-2.4.0@global/gems/actionpack-5.0.2/lib/action_dispatch/middleware/templates/rescues/routing_error.html.erb within rescues/layout (103.3ms)
Started GET "/dashboard/" for ::1 at 2017-04-11 14:07:23 +1000
  
ActionController::RoutingError (No route matches [GET] "/dashboard"):
  
actionpack (5.0.2) lib/action_dispatch/middleware/debug_exceptions.rb:53:in `call'
web-console (3.5.0) lib/web_console/middleware.rb:135:in `call_app'
web-console (3.5.0) lib/web_console/middleware.rb:28:in `block in call'
web-console (3.5.0) lib/web_console/middleware.rb:18:in `catch'
web-console (3.5.0) lib/web_console/middleware.rb:18:in `call'
actionpack (5.0.2) lib/action_dispatch/middleware/show_exceptions.rb:31:in `call'
railties (5.0.2) lib/rails/rack/logger.rb:36:in `call_app'
railties (5.0.2) lib/rails/rack/logger.rb:24:in `block in call'
activesupport (5.0.2) lib/active_support/tagged_logging.rb:69:in `block in tagged'
activesupport (5.0.2) lib/active_support/tagged_logging.rb:26:in `tagged'
activesupport (5.0.2) lib/active_support/tagged_logging.rb:69:in `tagged'
railties (5.0.2) lib/rails/rack/logger.rb:24:in `call'
sprockets-rails (3.2.0) lib/sprockets/rails/quiet_assets.rb:13:in `call'
actionpack (5.0.2) lib/action_dispatch/middleware/request_id.rb:24:in `call'
rack (2.0.1) lib/rack/method_override.rb:22:in `call'
rack (2.0.1) lib/rack/runtime.rb:22:in `call'
activesupport (5.0.2) lib/active_support/cache/strategy/local_cache_middleware.rb:28:in `call'
actionpack (5.0.2) lib/action_dispatch/middleware/executor.rb:12:in `call'
actionpack (5.0.2) lib/action_dispatch/middleware/static.rb:136:in `call'
rack (2.0.1) lib/rack/sendfile.rb:111:in `call'
railties (5.0.2) lib/rails/engine.rb:522:in `call'
puma (3.8.2) lib/puma/configuration.rb:224:in `call'
puma (3.8.2) lib/puma/server.rb:600:in `handle_request'
puma (3.8.2) lib/puma/server.rb:435:in `process_client'
puma (3.8.2) lib/puma/server.rb:299:in `block in run'
puma (3.8.2) lib/puma/thread_pool.rb:120:in `block in spawn_thread'
  Rendering /Users/danishsaleem/.rvm/gems/ruby-2.4.0@global/gems/actionpack-5.0.2/lib/action_dispatch/middleware/templates/rescues/routing_error.html.erb within rescues/layout
  Rendering /Users/danishsaleem/.rvm/gems/ruby-2.4.0@global/gems/actionpack-5.0.2/lib/action_dispatch/middleware/templates/rescues/_trace.html.erb
  Rendered /Users/danishsaleem/.rvm/gems/ruby-2.4.0@global/gems/actionpack-5.0.2/lib/action_dispatch/middleware/templates/rescues/_trace.html.erb (1.8ms)
  Rendered collection of /Users/danishsaleem/.rvm/gems/ruby-2.4.0@global/gems/actionpack-5.0.2/lib/action_dispatch/middleware/templates/routes/_route.html.erb [8 times] (2.6ms)
  Rendered /Users/danishsaleem/.rvm/gems/ruby-2.4.0@global/gems/actionpack-5.0.2/lib/action_dispatch/middleware/templates/routes/_table.html.erb (1.4ms)
  Rendering /Users/danishsaleem/.rvm/gems/ruby-2.4.0@global/gems/actionpack-5.0.2/lib/action_dispatch/middleware/templates/rescues/_request_and_response.html.erb
  Rendered /Users/danishsaleem/.rvm/gems/ruby-2.4.0@global/gems/actionpack-5.0.2/lib/action_dispatch/middleware/templates/rescues/_request_and_response.html.erb (1.2ms)
  Rendered /Users/danishsaleem/.rvm/gems/ruby-2.4.0@global/gems/actionpack-5.0.2/lib/action_dispatch/middleware/templates/rescues/routing_error.html.erb within rescues/layout (105.2ms)
Started GET "/tickets" for ::1 at 2017-04-11 14:11:15 +1000
  [1m[36mActiveRecord::SchemaMigration Load (0.2ms)[0m  [1m[34mSELECT "schema_migrations".* FROM "schema_migrations"[0m
Processing by TicketsController#index as HTML
  Rendering tickets/index.html.erb within layouts/application
  [1m[36mTicket Load (0.2ms)[0m  [1m[34mSELECT "tickets".* FROM "tickets"[0m
  Rendered tickets/index.html.erb within layouts/application (13.2ms)
Completed 200 OK in 249ms (Views: 233.5ms | ActiveRecord: 0.8ms)


Started GET "/dashboard" for ::1 at 2017-04-11 14:11:26 +1000
  
ActionController::RoutingError (No route matches [GET] "/dashboard"):
  
actionpack (5.0.2) lib/action_dispatch/middleware/debug_exceptions.rb:53:in `call'
web-console (3.5.0) lib/web_console/middleware.rb:135:in `call_app'
web-console (3.5.0) lib/web_console/middleware.rb:28:in `block in call'
web-console (3.5.0) lib/web_console/middleware.rb:18:in `catch'
web-console (3.5.0) lib/web_console/middleware.rb:18:in `call'
actionpack (5.0.2) lib/action_dispatch/middleware/show_exceptions.rb:31:in `call'
railties (5.0.2) lib/rails/rack/logger.rb:36:in `call_app'
railties (5.0.2) lib/rails/rack/logger.rb:24:in `block in call'
activesupport (5.0.2) lib/active_support/tagged_logging.rb:69:in `block in tagged'
activesupport (5.0.2) lib/active_support/tagged_logging.rb:26:in `tagged'
activesupport (5.0.2) lib/active_support/tagged_logging.rb:69:in `tagged'
railties (5.0.2) lib/rails/rack/logger.rb:24:in `call'
sprockets-rails (3.2.0) lib/sprockets/rails/quiet_assets.rb:13:in `call'
actionpack (5.0.2) lib/action_dispatch/middleware/request_id.rb:24:in `call'
rack (2.0.1) lib/rack/method_override.rb:22:in `call'
rack (2.0.1) lib/rack/runtime.rb:22:in `call'
activesupport (5.0.2) lib/active_support/cache/strategy/local_cache_middleware.rb:28:in `call'
actionpack (5.0.2) lib/action_dispatch/middleware/executor.rb:12:in `call'
actionpack (5.0.2) lib/action_dispatch/middleware/static.rb:136:in `call'
rack (2.0.1) lib/rack/sendfile.rb:111:in `call'
railties (5.0.2) lib/rails/engine.rb:522:in `call'
puma (3.8.2) lib/puma/configuration.rb:224:in `call'
puma (3.8.2) lib/puma/server.rb:600:in `handle_request'
puma (3.8.2) lib/puma/server.rb:435:in `process_client'
puma (3.8.2) lib/puma/server.rb:299:in `block in run'
puma (3.8.2) lib/puma/thread_pool.rb:120:in `block in spawn_thread'
  Rendering /Users/danishsaleem/.rvm/gems/ruby-2.4.0@global/gems/actionpack-5.0.2/lib/action_dispatch/middleware/templates/rescues/routing_error.html.erb within rescues/layout
  Rendering /Users/danishsaleem/.rvm/gems/ruby-2.4.0@global/gems/actionpack-5.0.2/lib/action_dispatch/middleware/templates/rescues/_trace.html.erb
  Rendered /Users/danishsaleem/.rvm/gems/ruby-2.4.0@global/gems/actionpack-5.0.2/lib/action_dispatch/middleware/templates/rescues/_trace.html.erb (1.5ms)
  Rendered collection of /Users/danishsaleem/.rvm/gems/ruby-2.4.0@global/gems/actionpack-5.0.2/lib/action_dispatch/middleware/templates/routes/_route.html.erb [8 times] (4.7ms)
  Rendered /Users/danishsaleem/.rvm/gems/ruby-2.4.0@global/gems/actionpack-5.0.2/lib/action_dispatch/middleware/templates/routes/_table.html.erb (7.9ms)
  Rendering /Users/danishsaleem/.rvm/gems/ruby-2.4.0@global/gems/actionpack-5.0.2/lib/action_dispatch/middleware/templates/rescues/_request_and_response.html.erb
  Rendered /Users/danishsaleem/.rvm/gems/ruby-2.4.0@global/gems/actionpack-5.0.2/lib/action_dispatch/middleware/templates/rescues/_request_and_response.html.erb (1.3ms)
  Rendered /Users/danishsaleem/.rvm/gems/ruby-2.4.0@global/gems/actionpack-5.0.2/lib/action_dispatch/middleware/templates/rescues/routing_error.html.erb within rescues/layout (122.5ms)
Started GET "/tickets" for ::1 at 2017-04-11 14:13:10 +1000
Processing by TicketsController#index as HTML
  Rendering tickets/index.html.erb within layouts/application
  [1m[36mTicket Load (0.3ms)[0m  [1m[34mSELECT "tickets".* FROM "tickets"[0m
  Rendered tickets/index.html.erb within layouts/application (15.0ms)
Completed 200 OK in 56ms (Views: 49.4ms | ActiveRecord: 0.9ms)


Started GET "/dashboard" for ::1 at 2017-04-11 14:13:25 +1000
  
AbstractController::ActionNotFound (The action 'index' could not be found for DashboardController):
  
actionpack (5.0.2) lib/abstract_controller/base.rb:121:in `process'
actionview (5.0.2) lib/action_view/rendering.rb:30:in `process'
actionpack (5.0.2) lib/action_controller/metal.rb:190:in `dispatch'
actionpack (5.0.2) lib/action_controller/metal.rb:262:in `dispatch'
actionpack (5.0.2) lib/action_dispatch/routing/route_set.rb:50:in `dispatch'
actionpack (5.0.2) lib/action_dispatch/routing/route_set.rb:32:in `serve'
actionpack (5.0.2) lib/action_dispatch/journey/router.rb:39:in `block in serve'
actionpack (5.0.2) lib/action_dispatch/journey/router.rb:26:in `each'
actionpack (5.0.2) lib/action_dispatch/journey/router.rb:26:in `serve'
actionpack (5.0.2) lib/action_dispatch/routing/route_set.rb:725:in `call'
rack (2.0.1) lib/rack/etag.rb:25:in `call'
rack (2.0.1) lib/rack/conditional_get.rb:25:in `call'
rack (2.0.1) lib/rack/head.rb:12:in `call'
rack (2.0.1) lib/rack/session/abstract/id.rb:222:in `context'
rack (2.0.1) lib/rack/session/abstract/id.rb:216:in `call'
actionpack (5.0.2) lib/action_dispatch/middleware/cookies.rb:613:in `call'
activerecord (5.0.2) lib/active_record/migration.rb:553:in `call'
actionpack (5.0.2) lib/action_dispatch/middleware/callbacks.rb:38:in `block in call'
activesupport (5.0.2) lib/active_support/callbacks.rb:97:in `__run_callbacks__'
activesupport (5.0.2) lib/active_support/callbacks.rb:750:in `_run_call_callbacks'
activesupport (5.0.2) lib/active_support/callbacks.rb:90:in `run_callbacks'
actionpack (5.0.2) lib/action_dispatch/middleware/callbacks.rb:36:in `call'
actionpack (5.0.2) lib/action_dispatch/middleware/executor.rb:12:in `call'
actionpack (5.0.2) lib/action_dispatch/middleware/remote_ip.rb:79:in `call'
actionpack (5.0.2) lib/action_dispatch/middleware/debug_exceptions.rb:49:in `call'
web-console (3.5.0) lib/web_console/middleware.rb:135:in `call_app'
web-console (3.5.0) lib/web_console/middleware.rb:28:in `block in call'
web-console (3.5.0) lib/web_console/middleware.rb:18:in `catch'
web-console (3.5.0) lib/web_console/middleware.rb:18:in `call'
actionpack (5.0.2) lib/action_dispatch/middleware/show_exceptions.rb:31:in `call'
railties (5.0.2) lib/rails/rack/logger.rb:36:in `call_app'
railties (5.0.2) lib/rails/rack/logger.rb:24:in `block in call'
activesupport (5.0.2) lib/active_support/tagged_logging.rb:69:in `block in tagged'
activesupport (5.0.2) lib/active_support/tagged_logging.rb:26:in `tagged'
activesupport (5.0.2) lib/active_support/tagged_logging.rb:69:in `tagged'
railties (5.0.2) lib/rails/rack/logger.rb:24:in `call'
sprockets-rails (3.2.0) lib/sprockets/rails/quiet_assets.rb:13:in `call'
actionpack (5.0.2) lib/action_dispatch/middleware/request_id.rb:24:in `call'
rack (2.0.1) lib/rack/method_override.rb:22:in `call'
rack (2.0.1) lib/rack/runtime.rb:22:in `call'
activesupport (5.0.2) lib/active_support/cache/strategy/local_cache_middleware.rb:28:in `call'
actionpack (5.0.2) lib/action_dispatch/middleware/executor.rb:12:in `call'
actionpack (5.0.2) lib/action_dispatch/middleware/static.rb:136:in `call'
rack (2.0.1) lib/rack/sendfile.rb:111:in `call'
railties (5.0.2) lib/rails/engine.rb:522:in `call'
puma (3.8.2) lib/puma/configuration.rb:224:in `call'
puma (3.8.2) lib/puma/server.rb:600:in `handle_request'
puma (3.8.2) lib/puma/server.rb:435:in `process_client'
puma (3.8.2) lib/puma/server.rb:299:in `block in run'
puma (3.8.2) lib/puma/thread_pool.rb:120:in `block in spawn_thread'
  Rendering /Users/danishsaleem/.rvm/gems/ruby-2.4.0@global/gems/actionpack-5.0.2/lib/action_dispatch/middleware/templates/rescues/unknown_action.html.erb within rescues/layout
  Rendered /Users/danishsaleem/.rvm/gems/ruby-2.4.0@global/gems/actionpack-5.0.2/lib/action_dispatch/middleware/templates/rescues/unknown_action.html.erb within rescues/layout (0.6ms)
Started GET "/dashboard" for ::1 at 2017-04-11 14:13:38 +1000
  
AbstractController::ActionNotFound (The action 'tickets' could not be found for DashboardController):
  
actionpack (5.0.2) lib/abstract_controller/base.rb:121:in `process'
actionview (5.0.2) lib/action_view/rendering.rb:30:in `process'
actionpack (5.0.2) lib/action_controller/metal.rb:190:in `dispatch'
actionpack (5.0.2) lib/action_controller/metal.rb:262:in `dispatch'
actionpack (5.0.2) lib/action_dispatch/routing/route_set.rb:50:in `dispatch'
actionpack (5.0.2) lib/action_dispatch/routing/route_set.rb:32:in `serve'
actionpack (5.0.2) lib/action_dispatch/journey/router.rb:39:in `block in serve'
actionpack (5.0.2) lib/action_dispatch/journey/router.rb:26:in `each'
actionpack (5.0.2) lib/action_dispatch/journey/router.rb:26:in `serve'
actionpack (5.0.2) lib/action_dispatch/routing/route_set.rb:725:in `call'
rack (2.0.1) lib/rack/etag.rb:25:in `call'
rack (2.0.1) lib/rack/conditional_get.rb:25:in `call'
rack (2.0.1) lib/rack/head.rb:12:in `call'
rack (2.0.1) lib/rack/session/abstract/id.rb:222:in `context'
rack (2.0.1) lib/rack/session/abstract/id.rb:216:in `call'
actionpack (5.0.2) lib/action_dispatch/middleware/cookies.rb:613:in `call'
activerecord (5.0.2) lib/active_record/migration.rb:553:in `call'
actionpack (5.0.2) lib/action_dispatch/middleware/callbacks.rb:38:in `block in call'
activesupport (5.0.2) lib/active_support/callbacks.rb:97:in `__run_callbacks__'
activesupport (5.0.2) lib/active_support/callbacks.rb:750:in `_run_call_callbacks'
activesupport (5.0.2) lib/active_support/callbacks.rb:90:in `run_callbacks'
actionpack (5.0.2) lib/action_dispatch/middleware/callbacks.rb:36:in `call'
actionpack (5.0.2) lib/action_dispatch/middleware/executor.rb:12:in `call'
actionpack (5.0.2) lib/action_dispatch/middleware/remote_ip.rb:79:in `call'
actionpack (5.0.2) lib/action_dispatch/middleware/debug_exceptions.rb:49:in `call'
web-console (3.5.0) lib/web_console/middleware.rb:135:in `call_app'
web-console (3.5.0) lib/web_console/middleware.rb:28:in `block in call'
web-console (3.5.0) lib/web_console/middleware.rb:18:in `catch'
web-console (3.5.0) lib/web_console/middleware.rb:18:in `call'
actionpack (5.0.2) lib/action_dispatch/middleware/show_exceptions.rb:31:in `call'
railties (5.0.2) lib/rails/rack/logger.rb:36:in `call_app'
railties (5.0.2) lib/rails/rack/logger.rb:24:in `block in call'
activesupport (5.0.2) lib/active_support/tagged_logging.rb:69:in `block in tagged'
activesupport (5.0.2) lib/active_support/tagged_logging.rb:26:in `tagged'
activesupport (5.0.2) lib/active_support/tagged_logging.rb:69:in `tagged'
railties (5.0.2) lib/rails/rack/logger.rb:24:in `call'
sprockets-rails (3.2.0) lib/sprockets/rails/quiet_assets.rb:13:in `call'
actionpack (5.0.2) lib/action_dispatch/middleware/request_id.rb:24:in `call'
rack (2.0.1) lib/rack/method_override.rb:22:in `call'
rack (2.0.1) lib/rack/runtime.rb:22:in `call'
activesupport (5.0.2) lib/active_support/cache/strategy/local_cache_middleware.rb:28:in `call'
actionpack (5.0.2) lib/action_dispatch/middleware/executor.rb:12:in `call'
actionpack (5.0.2) lib/action_dispatch/middleware/static.rb:136:in `call'
rack (2.0.1) lib/rack/sendfile.rb:111:in `call'
railties (5.0.2) lib/rails/engine.rb:522:in `call'
puma (3.8.2) lib/puma/configuration.rb:224:in `call'
puma (3.8.2) lib/puma/server.rb:600:in `handle_request'
puma (3.8.2) lib/puma/server.rb:435:in `process_client'
puma (3.8.2) lib/puma/server.rb:299:in `block in run'
puma (3.8.2) lib/puma/thread_pool.rb:120:in `block in spawn_thread'
  Rendering /Users/danishsaleem/.rvm/gems/ruby-2.4.0@global/gems/actionpack-5.0.2/lib/action_dispatch/middleware/templates/rescues/unknown_action.html.erb within rescues/layout
  Rendered /Users/danishsaleem/.rvm/gems/ruby-2.4.0@global/gems/actionpack-5.0.2/lib/action_dispatch/middleware/templates/rescues/unknown_action.html.erb within rescues/layout (0.4ms)
Started GET "/tcikets" for ::1 at 2017-04-11 14:14:12 +1000
  
ActionController::RoutingError (No route matches [GET] "/tcikets"):
  
actionpack (5.0.2) lib/action_dispatch/middleware/debug_exceptions.rb:53:in `call'
web-console (3.5.0) lib/web_console/middleware.rb:135:in `call_app'
web-console (3.5.0) lib/web_console/middleware.rb:28:in `block in call'
web-console (3.5.0) lib/web_console/middleware.rb:18:in `catch'
web-console (3.5.0) lib/web_console/middleware.rb:18:in `call'
actionpack (5.0.2) lib/action_dispatch/middleware/show_exceptions.rb:31:in `call'
railties (5.0.2) lib/rails/rack/logger.rb:36:in `call_app'
railties (5.0.2) lib/rails/rack/logger.rb:24:in `block in call'
activesupport (5.0.2) lib/active_support/tagged_logging.rb:69:in `block in tagged'
activesupport (5.0.2) lib/active_support/tagged_logging.rb:26:in `tagged'
activesupport (5.0.2) lib/active_support/tagged_logging.rb:69:in `tagged'
railties (5.0.2) lib/rails/rack/logger.rb:24:in `call'
sprockets-rails (3.2.0) lib/sprockets/rails/quiet_assets.rb:13:in `call'
actionpack (5.0.2) lib/action_dispatch/middleware/request_id.rb:24:in `call'
rack (2.0.1) lib/rack/method_override.rb:22:in `call'
rack (2.0.1) lib/rack/runtime.rb:22:in `call'
activesupport (5.0.2) lib/active_support/cache/strategy/local_cache_middleware.rb:28:in `call'
actionpack (5.0.2) lib/action_dispatch/middleware/executor.rb:12:in `call'
actionpack (5.0.2) lib/action_dispatch/middleware/static.rb:136:in `call'
rack (2.0.1) lib/rack/sendfile.rb:111:in `call'
railties (5.0.2) lib/rails/engine.rb:522:in `call'
puma (3.8.2) lib/puma/configuration.rb:224:in `call'
puma (3.8.2) lib/puma/server.rb:600:in `handle_request'
puma (3.8.2) lib/puma/server.rb:435:in `process_client'
puma (3.8.2) lib/puma/server.rb:299:in `block in run'
puma (3.8.2) lib/puma/thread_pool.rb:120:in `block in spawn_thread'
  Rendering /Users/danishsaleem/.rvm/gems/ruby-2.4.0@global/gems/actionpack-5.0.2/lib/action_dispatch/middleware/templates/rescues/routing_error.html.erb within rescues/layout
  Rendering /Users/danishsaleem/.rvm/gems/ruby-2.4.0@global/gems/actionpack-5.0.2/lib/action_dispatch/middleware/templates/rescues/_trace.html.erb
  Rendered /Users/danishsaleem/.rvm/gems/ruby-2.4.0@global/gems/actionpack-5.0.2/lib/action_dispatch/middleware/templates/rescues/_trace.html.erb (1.3ms)
  Rendered collection of /Users/danishsaleem/.rvm/gems/ruby-2.4.0@global/gems/actionpack-5.0.2/lib/action_dispatch/middleware/templates/routes/_route.html.erb [9 times] (2.6ms)
  Rendered /Users/danishsaleem/.rvm/gems/ruby-2.4.0@global/gems/actionpack-5.0.2/lib/action_dispatch/middleware/templates/routes/_table.html.erb (1.2ms)
  Rendering /Users/danishsaleem/.rvm/gems/ruby-2.4.0@global/gems/actionpack-5.0.2/lib/action_dispatch/middleware/templates/rescues/_request_and_response.html.erb
  Rendered /Users/danishsaleem/.rvm/gems/ruby-2.4.0@global/gems/actionpack-5.0.2/lib/action_dispatch/middleware/templates/rescues/_request_and_response.html.erb (1.1ms)
  Rendered /Users/danishsaleem/.rvm/gems/ruby-2.4.0@global/gems/actionpack-5.0.2/lib/action_dispatch/middleware/templates/rescues/routing_error.html.erb within rescues/layout (103.9ms)
Started GET "/tickets" for ::1 at 2017-04-11 14:14:17 +1000
Processing by TicketsController#index as HTML
  Rendering tickets/index.html.erb within layouts/application
  [1m[36mTicket Load (0.5ms)[0m  [1m[34mSELECT "tickets".* FROM "tickets"[0m
  Rendered tickets/index.html.erb within layouts/application (19.7ms)
Started GET "/tickets" for ::1 at 2017-04-11 14:14:17 +1000
Processing by TicketsController#index as HTML
  Rendering tickets/index.html.erb within layouts/application
  [1m[36mTicket Load (0.3ms)[0m  [1m[34mSELECT "tickets".* FROM "tickets"[0m
  Rendered tickets/index.html.erb within layouts/application (3.0ms)
Completed 200 OK in 73ms (Views: 65.7ms | ActiveRecord: 1.8ms)


Completed 200 OK in 38ms (Views: 32.2ms | ActiveRecord: 0.3ms)


Started GET "/dashbaord" for ::1 at 2017-04-11 14:14:29 +1000
  
ActionController::RoutingError (No route matches [GET] "/dashbaord"):
  
actionpack (5.0.2) lib/action_dispatch/middleware/debug_exceptions.rb:53:in `call'
web-console (3.5.0) lib/web_console/middleware.rb:135:in `call_app'
web-console (3.5.0) lib/web_console/middleware.rb:28:in `block in call'
web-console (3.5.0) lib/web_console/middleware.rb:18:in `catch'
web-console (3.5.0) lib/web_console/middleware.rb:18:in `call'
actionpack (5.0.2) lib/action_dispatch/middleware/show_exceptions.rb:31:in `call'
railties (5.0.2) lib/rails/rack/logger.rb:36:in `call_app'
railties (5.0.2) lib/rails/rack/logger.rb:24:in `block in call'
activesupport (5.0.2) lib/active_support/tagged_logging.rb:69:in `block in tagged'
activesupport (5.0.2) lib/active_support/tagged_logging.rb:26:in `tagged'
activesupport (5.0.2) lib/active_support/tagged_logging.rb:69:in `tagged'
railties (5.0.2) lib/rails/rack/logger.rb:24:in `call'
sprockets-rails (3.2.0) lib/sprockets/rails/quiet_assets.rb:13:in `call'
actionpack (5.0.2) lib/action_dispatch/middleware/request_id.rb:24:in `call'
rack (2.0.1) lib/rack/method_override.rb:22:in `call'
rack (2.0.1) lib/rack/runtime.rb:22:in `call'
activesupport (5.0.2) lib/active_support/cache/strategy/local_cache_middleware.rb:28:in `call'
actionpack (5.0.2) lib/action_dispatch/middleware/executor.rb:12:in `call'
actionpack (5.0.2) lib/action_dispatch/middleware/static.rb:136:in `call'
rack (2.0.1) lib/rack/sendfile.rb:111:in `call'
railties (5.0.2) lib/rails/engine.rb:522:in `call'
puma (3.8.2) lib/puma/configuration.rb:224:in `call'
puma (3.8.2) lib/puma/server.rb:600:in `handle_request'
puma (3.8.2) lib/puma/server.rb:435:in `process_client'
puma (3.8.2) lib/puma/server.rb:299:in `block in run'
puma (3.8.2) lib/puma/thread_pool.rb:120:in `block in spawn_thread'
  Rendering /Users/danishsaleem/.rvm/gems/ruby-2.4.0@global/gems/actionpack-5.0.2/lib/action_dispatch/middleware/templates/rescues/routing_error.html.erb within rescues/layout
  Rendering /Users/danishsaleem/.rvm/gems/ruby-2.4.0@global/gems/actionpack-5.0.2/lib/action_dispatch/middleware/templates/rescues/_trace.html.erb
  Rendered /Users/danishsaleem/.rvm/gems/ruby-2.4.0@global/gems/actionpack-5.0.2/lib/action_dispatch/middleware/templates/rescues/_trace.html.erb (1.6ms)
  Rendered collection of /Users/danishsaleem/.rvm/gems/ruby-2.4.0@global/gems/actionpack-5.0.2/lib/action_dispatch/middleware/templates/routes/_route.html.erb [9 times] (2.6ms)
  Rendered /Users/danishsaleem/.rvm/gems/ruby-2.4.0@global/gems/actionpack-5.0.2/lib/action_dispatch/middleware/templates/routes/_table.html.erb (1.5ms)
  Rendering /Users/danishsaleem/.rvm/gems/ruby-2.4.0@global/gems/actionpack-5.0.2/lib/action_dispatch/middleware/templates/rescues/_request_and_response.html.erb
  Rendered /Users/danishsaleem/.rvm/gems/ruby-2.4.0@global/gems/actionpack-5.0.2/lib/action_dispatch/middleware/templates/rescues/_request_and_response.html.erb (1.1ms)
  Rendered /Users/danishsaleem/.rvm/gems/ruby-2.4.0@global/gems/actionpack-5.0.2/lib/action_dispatch/middleware/templates/rescues/routing_error.html.erb within rescues/layout (109.7ms)
Started GET "/dashbaord" for ::1 at 2017-04-11 14:17:32 +1000
  [1m[36mActiveRecord::SchemaMigration Load (0.2ms)[0m  [1m[34mSELECT "schema_migrations".* FROM "schema_migrations"[0m
  
ActionController::RoutingError (No route matches [GET] "/dashbaord"):
  
actionpack (5.0.2) lib/action_dispatch/middleware/debug_exceptions.rb:53:in `call'
web-console (3.5.0) lib/web_console/middleware.rb:135:in `call_app'
web-console (3.5.0) lib/web_console/middleware.rb:28:in `block in call'
web-console (3.5.0) lib/web_console/middleware.rb:18:in `catch'
web-console (3.5.0) lib/web_console/middleware.rb:18:in `call'
actionpack (5.0.2) lib/action_dispatch/middleware/show_exceptions.rb:31:in `call'
railties (5.0.2) lib/rails/rack/logger.rb:36:in `call_app'
railties (5.0.2) lib/rails/rack/logger.rb:24:in `block in call'
activesupport (5.0.2) lib/active_support/tagged_logging.rb:69:in `block in tagged'
activesupport (5.0.2) lib/active_support/tagged_logging.rb:26:in `tagged'
activesupport (5.0.2) lib/active_support/tagged_logging.rb:69:in `tagged'
railties (5.0.2) lib/rails/rack/logger.rb:24:in `call'
sprockets-rails (3.2.0) lib/sprockets/rails/quiet_assets.rb:13:in `call'
actionpack (5.0.2) lib/action_dispatch/middleware/request_id.rb:24:in `call'
rack (2.0.1) lib/rack/method_override.rb:22:in `call'
rack (2.0.1) lib/rack/runtime.rb:22:in `call'
activesupport (5.0.2) lib/active_support/cache/strategy/local_cache_middleware.rb:28:in `call'
actionpack (5.0.2) lib/action_dispatch/middleware/executor.rb:12:in `call'
actionpack (5.0.2) lib/action_dispatch/middleware/static.rb:136:in `call'
rack (2.0.1) lib/rack/sendfile.rb:111:in `call'
railties (5.0.2) lib/rails/engine.rb:522:in `call'
puma (3.8.2) lib/puma/configuration.rb:224:in `call'
puma (3.8.2) lib/puma/server.rb:600:in `handle_request'
puma (3.8.2) lib/puma/server.rb:435:in `process_client'
puma (3.8.2) lib/puma/server.rb:299:in `block in run'
puma (3.8.2) lib/puma/thread_pool.rb:120:in `block in spawn_thread'
  Rendering /Users/danishsaleem/.rvm/gems/ruby-2.4.0@global/gems/actionpack-5.0.2/lib/action_dispatch/middleware/templates/rescues/routing_error.html.erb within rescues/layout
  Rendering /Users/danishsaleem/.rvm/gems/ruby-2.4.0@global/gems/actionpack-5.0.2/lib/action_dispatch/middleware/templates/rescues/_trace.html.erb
  Rendered /Users/danishsaleem/.rvm/gems/ruby-2.4.0@global/gems/actionpack-5.0.2/lib/action_dispatch/middleware/templates/rescues/_trace.html.erb (1.3ms)
  Rendered collection of /Users/danishsaleem/.rvm/gems/ruby-2.4.0@global/gems/actionpack-5.0.2/lib/action_dispatch/middleware/templates/routes/_route.html.erb [9 times] (3.7ms)
  Rendered /Users/danishsaleem/.rvm/gems/ruby-2.4.0@global/gems/actionpack-5.0.2/lib/action_dispatch/middleware/templates/routes/_table.html.erb (8.7ms)
  Rendering /Users/danishsaleem/.rvm/gems/ruby-2.4.0@global/gems/actionpack-5.0.2/lib/action_dispatch/middleware/templates/rescues/_request_and_response.html.erb
  Rendered /Users/danishsaleem/.rvm/gems/ruby-2.4.0@global/gems/actionpack-5.0.2/lib/action_dispatch/middleware/templates/rescues/_request_and_response.html.erb (12.8ms)
  Rendered /Users/danishsaleem/.rvm/gems/ruby-2.4.0@global/gems/actionpack-5.0.2/lib/action_dispatch/middleware/templates/rescues/routing_error.html.erb within rescues/layout (129.2ms)
Started GET "/dashboard" for ::1 at 2017-04-11 14:17:43 +1000
  
AbstractController::ActionNotFound (The action 'activeticket' could not be found for DashboardController):
  
actionpack (5.0.2) lib/abstract_controller/base.rb:121:in `process'
actionview (5.0.2) lib/action_view/rendering.rb:30:in `process'
actionpack (5.0.2) lib/action_controller/metal.rb:190:in `dispatch'
actionpack (5.0.2) lib/action_controller/metal.rb:262:in `dispatch'
actionpack (5.0.2) lib/action_dispatch/routing/route_set.rb:50:in `dispatch'
actionpack (5.0.2) lib/action_dispatch/routing/route_set.rb:32:in `serve'
actionpack (5.0.2) lib/action_dispatch/journey/router.rb:39:in `block in serve'
actionpack (5.0.2) lib/action_dispatch/journey/router.rb:26:in `each'
actionpack (5.0.2) lib/action_dispatch/journey/router.rb:26:in `serve'
actionpack (5.0.2) lib/action_dispatch/routing/route_set.rb:725:in `call'
rack (2.0.1) lib/rack/etag.rb:25:in `call'
rack (2.0.1) lib/rack/conditional_get.rb:25:in `call'
rack (2.0.1) lib/rack/head.rb:12:in `call'
rack (2.0.1) lib/rack/session/abstract/id.rb:222:in `context'
rack (2.0.1) lib/rack/session/abstract/id.rb:216:in `call'
actionpack (5.0.2) lib/action_dispatch/middleware/cookies.rb:613:in `call'
activerecord (5.0.2) lib/active_record/migration.rb:553:in `call'
actionpack (5.0.2) lib/action_dispatch/middleware/callbacks.rb:38:in `block in call'
activesupport (5.0.2) lib/active_support/callbacks.rb:97:in `__run_callbacks__'
activesupport (5.0.2) lib/active_support/callbacks.rb:750:in `_run_call_callbacks'
activesupport (5.0.2) lib/active_support/callbacks.rb:90:in `run_callbacks'
actionpack (5.0.2) lib/action_dispatch/middleware/callbacks.rb:36:in `call'
actionpack (5.0.2) lib/action_dispatch/middleware/executor.rb:12:in `call'
actionpack (5.0.2) lib/action_dispatch/middleware/remote_ip.rb:79:in `call'
actionpack (5.0.2) lib/action_dispatch/middleware/debug_exceptions.rb:49:in `call'
web-console (3.5.0) lib/web_console/middleware.rb:135:in `call_app'
web-console (3.5.0) lib/web_console/middleware.rb:28:in `block in call'
web-console (3.5.0) lib/web_console/middleware.rb:18:in `catch'
web-console (3.5.0) lib/web_console/middleware.rb:18:in `call'
actionpack (5.0.2) lib/action_dispatch/middleware/show_exceptions.rb:31:in `call'
railties (5.0.2) lib/rails/rack/logger.rb:36:in `call_app'
railties (5.0.2) lib/rails/rack/logger.rb:24:in `block in call'
activesupport (5.0.2) lib/active_support/tagged_logging.rb:69:in `block in tagged'
activesupport (5.0.2) lib/active_support/tagged_logging.rb:26:in `tagged'
activesupport (5.0.2) lib/active_support/tagged_logging.rb:69:in `tagged'
railties (5.0.2) lib/rails/rack/logger.rb:24:in `call'
sprockets-rails (3.2.0) lib/sprockets/rails/quiet_assets.rb:13:in `call'
actionpack (5.0.2) lib/action_dispatch/middleware/request_id.rb:24:in `call'
rack (2.0.1) lib/rack/method_override.rb:22:in `call'
rack (2.0.1) lib/rack/runtime.rb:22:in `call'
activesupport (5.0.2) lib/active_support/cache/strategy/local_cache_middleware.rb:28:in `call'
actionpack (5.0.2) lib/action_dispatch/middleware/executor.rb:12:in `call'
actionpack (5.0.2) lib/action_dispatch/middleware/static.rb:136:in `call'
rack (2.0.1) lib/rack/sendfile.rb:111:in `call'
railties (5.0.2) lib/rails/engine.rb:522:in `call'
puma (3.8.2) lib/puma/configuration.rb:224:in `call'
puma (3.8.2) lib/puma/server.rb:600:in `handle_request'
puma (3.8.2) lib/puma/server.rb:435:in `process_client'
puma (3.8.2) lib/puma/server.rb:299:in `block in run'
puma (3.8.2) lib/puma/thread_pool.rb:120:in `block in spawn_thread'
  Rendering /Users/danishsaleem/.rvm/gems/ruby-2.4.0@global/gems/actionpack-5.0.2/lib/action_dispatch/middleware/templates/rescues/unknown_action.html.erb within rescues/layout
  Rendered /Users/danishsaleem/.rvm/gems/ruby-2.4.0@global/gems/actionpack-5.0.2/lib/action_dispatch/middleware/templates/rescues/unknown_action.html.erb within rescues/layout (0.5ms)
Started GET "/dashboard" for ::1 at 2017-04-11 14:18:20 +1000
Processing by DashboardController#index as HTML
  Rendering dashboard/index.html.erb within layouts/application
  [1m[36mTicket Load (0.3ms)[0m  [1m[34mSELECT "tickets".* FROM "tickets"[0m
  Rendered dashboard/index.html.erb within layouts/application (8.0ms)
Completed 200 OK in 267ms (Views: 259.3ms | ActiveRecord: 0.9ms)


Started GET "/tickets" for ::1 at 2017-04-11 14:19:32 +1000
Processing by TicketsController#index as HTML
  Rendering tickets/index.html.erb within layouts/application
  [1m[36mTicket Load (0.3ms)[0m  [1m[34mSELECT "tickets".* FROM "tickets"[0m
  Rendered tickets/index.html.erb within layouts/application (3.1ms)
Completed 200 OK in 39ms (Views: 34.9ms | ActiveRecord: 0.3ms)


Started GET "/dashboard" for ::1 at 2017-04-11 14:19:42 +1000
Processing by DashboardController#index as HTML
  Rendering dashboard/index.html.erb within layouts/application
  [1m[36mTicket Load (0.1ms)[0m  [1m[34mSELECT "tickets".* FROM "tickets"[0m
  Rendered dashboard/index.html.erb within layouts/application (1.9ms)
Completed 200 OK in 27ms (Views: 24.5ms | ActiveRecord: 0.1ms)


Started GET "/dashboard" for ::1 at 2017-04-11 14:33:32 +1000
  [1m[36mActiveRecord::SchemaMigration Load (0.3ms)[0m  [1m[34mSELECT "schema_migrations".* FROM "schema_migrations"[0m
Processing by DashboardController#index as HTML
Completed 500 Internal Server Error in 146ms (ActiveRecord: 0.0ms)


  
NameError (undefined local variable or method `tickets' for #<DashboardController:0x007fd954545490>
Did you mean?  tickets_url):
  
app/controllers/dashboard_controller.rb:5:in `index'
  Rendering /Users/danishsaleem/.rvm/gems/ruby-2.4.0@global/gems/actionpack-5.0.2/lib/action_dispatch/middleware/templates/rescues/diagnostics.html.erb within rescues/layout
  Rendering /Users/danishsaleem/.rvm/gems/ruby-2.4.0@global/gems/actionpack-5.0.2/lib/action_dispatch/middleware/templates/rescues/_source.html.erb
  Rendered /Users/danishsaleem/.rvm/gems/ruby-2.4.0@global/gems/actionpack-5.0.2/lib/action_dispatch/middleware/templates/rescues/_source.html.erb (4.0ms)
  Rendering /Users/danishsaleem/.rvm/gems/ruby-2.4.0@global/gems/actionpack-5.0.2/lib/action_dispatch/middleware/templates/rescues/_trace.html.erb
  Rendered /Users/danishsaleem/.rvm/gems/ruby-2.4.0@global/gems/actionpack-5.0.2/lib/action_dispatch/middleware/templates/rescues/_trace.html.erb (3.4ms)
  Rendering /Users/danishsaleem/.rvm/gems/ruby-2.4.0@global/gems/actionpack-5.0.2/lib/action_dispatch/middleware/templates/rescues/_request_and_response.html.erb
  Rendered /Users/danishsaleem/.rvm/gems/ruby-2.4.0@global/gems/actionpack-5.0.2/lib/action_dispatch/middleware/templates/rescues/_request_and_response.html.erb (0.9ms)
  Rendered /Users/danishsaleem/.rvm/gems/ruby-2.4.0@global/gems/actionpack-5.0.2/lib/action_dispatch/middleware/templates/rescues/diagnostics.html.erb within rescues/layout (179.9ms)
Started GET "/dashboard" for ::1 at 2017-04-11 14:38:12 +1000
  [1m[36mActiveRecord::SchemaMigration Load (0.2ms)[0m  [1m[34mSELECT "schema_migrations".* FROM "schema_migrations"[0m
Processing by DashboardController#index as HTML
  Rendering dashboard/index.html.erb within layouts/application
  [1m[36mTicket Load (0.3ms)[0m  [1m[34mSELECT "tickets".* FROM "tickets" WHERE "tickets"."priority" = ?[0m  [["priority", :high]]
  Rendered dashboard/index.html.erb within layouts/application (10.6ms)
Completed 200 OK in 218ms (Views: 200.2ms | ActiveRecord: 1.2ms)


Started GET "/tickets" for ::1 at 2017-04-11 14:38:27 +1000
Processing by TicketsController#index as HTML
  Rendering tickets/index.html.erb within layouts/application
  [1m[36mTicket Load (17.7ms)[0m  [1m[34mSELECT "tickets".* FROM "tickets"[0m
  Rendered tickets/index.html.erb within layouts/application (21.7ms)
Completed 200 OK in 57ms (Views: 36.6ms | ActiveRecord: 17.6ms)


Started GET "/tickets/new" for ::1 at 2017-04-11 14:38:36 +1000
Processing by TicketsController#new as HTML
  Rendering tickets/new.html.erb within layouts/application
  Rendered tickets/_form.html.erb (15.9ms)
  Rendered tickets/new.html.erb within layouts/application (19.0ms)
Completed 200 OK in 57ms (Views: 53.7ms | ActiveRecord: 0.0ms)


Started POST "/tickets" for ::1 at 2017-04-11 14:39:16 +1000
Processing by TicketsController#create as HTML
  Parameters: {"utf8"=>"✓", "authenticity_token"=>"bfDisD3sRtV0eUuQQeOiN75uZwzAw9nLLwWEPqeXAmRhvor4IBI08dwSxcsrRWfVIt5KGvc7FbOGlG3vBfsFjA==", "ticket"=>{"Tasks"=>"slow internet", "Description"=>"slow browsing", "Priority"=>"low", "Starttime"=>"12:00AM", "Finishtime"=>"2:00PM"}, "commit"=>"Create Ticket"}
  [1m[35m (0.1ms)[0m  [1m[36mbegin transaction[0m
  [1m[35mSQL (0.5ms)[0m  [1m[32mINSERT INTO "tickets" ("Tasks", "Description", "Priority", "Starttime", "Finishtime", "created_at", "updated_at") VALUES (?, ?, ?, ?, ?, ?, ?)[0m  [["Tasks", "slow internet"], ["Description", "slow browsing"], ["Priority", "low"], ["Starttime", "12:00AM"], ["Finishtime", "2:00PM"], ["created_at", 2017-04-11 04:39:16 UTC], ["updated_at", 2017-04-11 04:39:16 UTC]]
  [1m[35m (1.5ms)[0m  [1m[36mcommit transaction[0m
Redirected to http://localhost:3000/tickets/2
Completed 302 Found in 9ms (ActiveRecord: 2.0ms)


Started GET "/tickets/2" for ::1 at 2017-04-11 14:39:16 +1000
Processing by TicketsController#show as HTML
  Parameters: {"id"=>"2"}
  [1m[36mTicket Load (0.2ms)[0m  [1m[34mSELECT  "tickets".* FROM "tickets" WHERE "tickets"."id" = ? LIMIT ?[0m  [["id", 2], ["LIMIT", 1]]
  Rendering tickets/show.html.erb within layouts/application
  Rendered tickets/show.html.erb within layouts/application (1.8ms)
Completed 200 OK in 43ms (Views: 36.3ms | ActiveRecord: 0.2ms)


Started GET "/tickets" for ::1 at 2017-04-11 14:39:26 +1000
Processing by TicketsController#index as HTML
  Rendering tickets/index.html.erb within layouts/application
  [1m[36mTicket Load (0.2ms)[0m  [1m[34mSELECT "tickets".* FROM "tickets"[0m
  Rendered tickets/index.html.erb within layouts/application (3.7ms)
Completed 200 OK in 48ms (Views: 43.1ms | ActiveRecord: 0.2ms)


Started GET "/tickets/new" for ::1 at 2017-04-11 14:39:29 +1000
Processing by TicketsController#new as HTML
  Rendering tickets/new.html.erb within layouts/application
  Rendered tickets/_form.html.erb (6.7ms)
  Rendered tickets/new.html.erb within layouts/application (10.9ms)
Completed 200 OK in 41ms (Views: 36.9ms | ActiveRecord: 0.0ms)


Started POST "/tickets" for ::1 at 2017-04-11 14:40:13 +1000
Processing by TicketsController#create as HTML
  Parameters: {"utf8"=>"✓", "authenticity_token"=>"vaQODF4Xlw1p1jDe0d4B8dhPxdMwIq+CbdwrVTXx+4Wx6mZEQ+nlKcG9voW7eMQTRP/oxQfaY/rETcKEl538bQ==", "ticket"=>{"Tasks"=>"Laptop failure", "Description"=>"Laptop issue", "Priority"=>"high", "Starttime"=>"1:00AM", "Finishtime"=>"5:00AM"}, "commit"=>"Create Ticket"}
  [1m[35m (0.1ms)[0m  [1m[36mbegin transaction[0m
  [1m[35mSQL (0.5ms)[0m  [1m[32mINSERT INTO "tickets" ("Tasks", "Description", "Priority", "Starttime", "Finishtime", "created_at", "updated_at") VALUES (?, ?, ?, ?, ?, ?, ?)[0m  [["Tasks", "Laptop failure"], ["Description", "Laptop issue"], ["Priority", "high"], ["Starttime", "1:00AM"], ["Finishtime", "5:00AM"], ["created_at", 2017-04-11 04:40:13 UTC], ["updated_at", 2017-04-11 04:40:13 UTC]]
  [1m[35m (1.6ms)[0m  [1m[36mcommit transaction[0m
Redirected to http://localhost:3000/tickets/3
Completed 302 Found in 9ms (ActiveRecord: 2.2ms)


Started GET "/tickets/3" for ::1 at 2017-04-11 14:40:13 +1000
Processing by TicketsController#show as HTML
  Parameters: {"id"=>"3"}
  [1m[36mTicket Load (0.1ms)[0m  [1m[34mSELECT  "tickets".* FROM "tickets" WHERE "tickets"."id" = ? LIMIT ?[0m  [["id", 3], ["LIMIT", 1]]
  Rendering tickets/show.html.erb within layouts/application
  Rendered tickets/show.html.erb within layouts/application (1.0ms)
Completed 200 OK in 27ms (Views: 24.1ms | ActiveRecord: 0.1ms)


Started GET "/tickets" for ::1 at 2017-04-11 14:40:16 +1000
Processing by TicketsController#index as HTML
  Rendering tickets/index.html.erb within layouts/application
  [1m[36mTicket Load (0.3ms)[0m  [1m[34mSELECT "tickets".* FROM "tickets"[0m
  Rendered tickets/index.html.erb within layouts/application (4.9ms)
Completed 200 OK in 40ms (Views: 36.1ms | ActiveRecord: 0.3ms)


Started GET "/dashboard" for ::1 at 2017-04-11 14:40:24 +1000
Processing by DashboardController#index as HTML
  Rendering dashboard/index.html.erb within layouts/application
  [1m[36mTicket Load (0.2ms)[0m  [1m[34mSELECT "tickets".* FROM "tickets" WHERE "tickets"."priority" = ?[0m  [["priority", :high]]
  Rendered dashboard/index.html.erb within layouts/application (2.0ms)
Completed 200 OK in 25ms (Views: 22.7ms | ActiveRecord: 0.2ms)


Started GET "/dashboard" for ::1 at 2017-04-11 14:41:16 +1000
Processing by DashboardController#index as HTML
  Rendering dashboard/index.html.erb within layouts/application
  [1m[36mTicket Load (0.2ms)[0m  [1m[34mSELECT "tickets".* FROM "tickets" WHERE "tickets"."priority" = ?[0m  [["priority", :high]]
  Rendered dashboard/index.html.erb within layouts/application (1.7ms)
Completed 200 OK in 27ms (Views: 23.2ms | ActiveRecord: 0.2ms)


Started GET "/tickets/new" for ::1 at 2017-04-11 14:41:27 +1000
Processing by TicketsController#new as HTML
  Rendering tickets/new.html.erb within layouts/application
  Rendered tickets/_form.html.erb (11.8ms)
  Rendered tickets/new.html.erb within layouts/application (17.5ms)
Completed 200 OK in 57ms (Views: 53.9ms | ActiveRecord: 0.0ms)


Started GET "/tickets" for ::1 at 2017-04-11 14:41:30 +1000
Processing by TicketsController#index as HTML
  Rendering tickets/index.html.erb within layouts/application
  [1m[36mTicket Load (0.3ms)[0m  [1m[34mSELECT "tickets".* FROM "tickets"[0m
  Rendered tickets/index.html.erb within layouts/application (4.6ms)
Completed 200 OK in 42ms (Views: 37.0ms | ActiveRecord: 0.3ms)


Started GET "/dashboard" for ::1 at 2017-04-11 15:36:04 +1000
Processing by DashboardController#index as HTML
  Rendering dashboard/index.html.erb within layouts/application
  [1m[36mTicket Load (0.3ms)[0m  [1m[34mSELECT "tickets".* FROM "tickets" WHERE "tickets"."priority" = ?[0m  [["priority", :high]]
  Rendered dashboard/index.html.erb within layouts/application (2.5ms)
Completed 200 OK in 65ms (Views: 61.9ms | ActiveRecord: 0.3ms)


